This is pdfTeX, Version 3.14159265-2.6-1.40.15 (TeX Live 2014) (preloaded format=latex 2014.8.29)  13 OCT 2015 17:10
entering extended mode
 restricted \write18 enabled.
 file:line:error style messages enabled.
 %&-line parsing enabled.
**tesi.tex
(./tesi.tex
LaTeX2e <2014/05/01>
Babel <3.9k> and hyphenation patterns for 79 languages loaded.
(/usr/local/texlive/2014/texmf-dist/tex/latex/base/report.cls
Document Class: report 2007/10/19 v1.4h Standard LaTeX document class
(/usr/local/texlive/2014/texmf-dist/tex/latex/base/size11.clo
File: size11.clo 2007/10/19 v1.4h Standard LaTeX file (size option)
)
\c@part=\count79
\c@chapter=\count80
\c@section=\count81
\c@subsection=\count82
\c@subsubsection=\count83
\c@paragraph=\count84
\c@subparagraph=\count85
\c@figure=\count86
\c@table=\count87
\abovecaptionskip=\skip41
\belowcaptionskip=\skip42
\bibindent=\dimen102
) (/usr/local/texlive/2014/texmf-dist/tex/latex/graphics/graphicx.sty
Package: graphicx 2014/04/25 v1.0g Enhanced LaTeX Graphics (DPC,SPQR)
 (/usr/local/texlive/2014/texmf-dist/tex/latex/graphics/keyval.sty
Package: keyval 2014/05/08 v1.15 key=value parser (DPC)
\KV@toks@=\toks14
) (/usr/local/texlive/2014/texmf-dist/tex/latex/graphics/graphics.sty
Package: graphics 2009/02/05 v1.0o Standard LaTeX Graphics (DPC,SPQR)
 (/usr/local/texlive/2014/texmf-dist/tex/latex/graphics/trig.sty
Package: trig 1999/03/16 v1.09 sin cos tan (DPC)
) (/usr/local/texlive/2014/texmf-dist/tex/latex/latexconfig/graphics.cfg
File: graphics.cfg 2010/04/23 v1.9 graphics configuration of TeX Live
)
Package graphics Info: Driver file: dvips.def on input line 91.
 (/usr/local/texlive/2014/texmf-dist/tex/latex/graphics/dvips.def
File: dvips.def 2014/04/23 v3.0j Driver-dependant file (DPC,SPQR)
))
\Gin@req@height=\dimen103
\Gin@req@width=\dimen104
) (/usr/local/texlive/2014/texmf-dist/tex/latex/tools/tabularx.sty
Package: tabularx 2014/05/13 v2.10 `tabularx' package (DPC)
 (/usr/local/texlive/2014/texmf-dist/tex/latex/tools/array.sty
Package: array 2008/09/09 v2.4c Tabular extension package (FMi)
\col@sep=\dimen105
\extrarowheight=\dimen106
\NC@list=\toks15
\extratabsurround=\skip43
\backup@length=\skip44
)
\TX@col@width=\dimen107
\TX@old@table=\dimen108
\TX@old@col=\dimen109
\TX@target=\dimen110
\TX@delta=\dimen111
\TX@cols=\count88
\TX@ftn=\toks16
) (/usr/local/texlive/2014/texmf-dist/tex/latex/subfigure/subfigure.sty
Package: subfigure 2002/03/15 v2.1.5 subfigure package
\subfigtopskip=\skip45
\subfigcapskip=\skip46
\subfigcaptopadj=\dimen112
\subfigbottomskip=\skip47
\subfigcapmargin=\dimen113
\subfiglabelskip=\skip48
\c@subfigure=\count89
\c@lofdepth=\count90
\c@subtable=\count91
\c@lotdepth=\count92

****************************************
* Local config file subfigure.cfg used *
****************************************
(/usr/local/texlive/2014/texmf-dist/tex/latex/subfigure/subfigure.cfg)
\subfig@top=\skip49
\subfig@bottom=\skip50
) (/usr/local/texlive/2014/texmf-dist/tex/latex/tools/afterpage.sty
Package: afterpage 1995/10/27 v1.08 After-Page Package (DPC)
\AP@output=\toks17
\AP@partial=\box26
\AP@footins=\box27
) (/usr/local/texlive/2014/texmf-dist/tex/latex/amsmath/amsmath.sty
Package: amsmath 2013/01/14 v2.14 AMS math features
\@mathmargin=\skip51

For additional information on amsmath, use the `?' option.
(/usr/local/texlive/2014/texmf-dist/tex/latex/amsmath/amstext.sty
Package: amstext 2000/06/29 v2.01
 (/usr/local/texlive/2014/texmf-dist/tex/latex/amsmath/amsgen.sty
File: amsgen.sty 1999/11/30 v2.0
\@emptytoks=\toks18
\ex@=\dimen114
)) (/usr/local/texlive/2014/texmf-dist/tex/latex/amsmath/amsbsy.sty
Package: amsbsy 1999/11/29 v1.2d
\pmbraise@=\dimen115
) (/usr/local/texlive/2014/texmf-dist/tex/latex/amsmath/amsopn.sty
Package: amsopn 1999/12/14 v2.01 operator names
)
\inf@bad=\count93
LaTeX Info: Redefining \frac on input line 210.
\uproot@=\count94
\leftroot@=\count95
LaTeX Info: Redefining \overline on input line 306.
\classnum@=\count96
\DOTSCASE@=\count97
LaTeX Info: Redefining \ldots on input line 378.
LaTeX Info: Redefining \dots on input line 381.
LaTeX Info: Redefining \cdots on input line 466.
\Mathstrutbox@=\box28
\strutbox@=\box29
\big@size=\dimen116
LaTeX Font Info:    Redeclaring font encoding OML on input line 566.
LaTeX Font Info:    Redeclaring font encoding OMS on input line 567.
\macc@depth=\count98
\c@MaxMatrixCols=\count99
\dotsspace@=\muskip10
\c@parentequation=\count100
\dspbrk@lvl=\count101
\tag@help=\toks19
\row@=\count102
\column@=\count103
\maxfields@=\count104
\andhelp@=\toks20
\eqnshift@=\dimen117
\alignsep@=\dimen118
\tagshift@=\dimen119
\tagwidth@=\dimen120
\totwidth@=\dimen121
\lineht@=\dimen122
\@envbody=\toks21
\multlinegap=\skip52
\multlinetaggap=\skip53
\mathdisplay@stack=\toks22
LaTeX Info: Redefining \[ on input line 2665.
LaTeX Info: Redefining \] on input line 2666.
) (/usr/local/texlive/2014/texmf-dist/tex/latex/amsfonts/amssymb.sty
Package: amssymb 2013/01/14 v3.01 AMS font symbols
 (/usr/local/texlive/2014/texmf-dist/tex/latex/amsfonts/amsfonts.sty
Package: amsfonts 2013/01/14 v3.01 Basic AMSFonts support
\symAMSa=\mathgroup4
\symAMSb=\mathgroup5
LaTeX Font Info:    Overwriting math alphabet `\mathfrak' in version `bold'
(Font)                  U/euf/m/n --> U/euf/b/n on input line 106.
)) (/usr/local/texlive/2014/texmf-dist/tex/latex/rotating/rotating.sty
Package: rotating 2009/03/28 v2.16a rotated objects in LaTeX
 (/usr/local/texlive/2014/texmf-dist/tex/latex/base/ifthen.sty
Package: ifthen 2001/05/26 v1.1c Standard LaTeX ifthen package (DPC)
)
\c@r@tfl@t=\count105
\rotFPtop=\skip54
\rotFPbot=\skip55
\rot@float@box=\box30
\rot@mess@toks=\toks23
) (/usr/local/texlive/2014/texmf-dist/tex/latex/fancyhdr/fancyhdr.sty
\fancy@headwidth=\skip56
\f@ncyO@elh=\skip57
\f@ncyO@erh=\skip58
\f@ncyO@olh=\skip59
\f@ncyO@orh=\skip60
\f@ncyO@elf=\skip61
\f@ncyO@erf=\skip62
\f@ncyO@olf=\skip63
\f@ncyO@orf=\skip64
) (/usr/local/texlive/2014/texmf-dist/tex/latex/caption/caption.sty
Package: caption 2013/05/02 v3.3-89 Customizing captions (AR)
 (/usr/local/texlive/2014/texmf-dist/tex/latex/caption/caption3.sty
Package: caption3 2013/05/02 v1.6-88 caption3 kernel (AR)
Package caption3 Info: TeX engine: e-TeX on input line 57.
\captionmargin=\dimen123
\captionmargin@=\dimen124
\captionwidth=\dimen125
\caption@tempdima=\dimen126
\caption@indent=\dimen127
\caption@parindent=\dimen128
\caption@hangindent=\dimen129
)
\c@ContinuedFloat=\count106
Package caption Info: rotating package is loaded.
Package caption Info: subfigure package is loaded.
) (/usr/local/texlive/2014/texmf-dist/tex/generic/babel/babel.sty
Package: babel 2014/03/24 3.9k The Babel package
 (/usr/local/texlive/2014/texmf-dist/tex/generic/babel-italian/italian.ldf
Language: italian 2014/03/29 v1.3k Italian support from the babel system
 (/usr/local/texlive/2014/texmf-dist/tex/generic/babel/babel.def
File: babel.def 2014/03/24 3.9k Babel common definitions
\babel@savecnt=\count107
\U@D=\dimen130
)
\it@lettering=\count108
\it@doublequoteactive=\count109
\it@ISOcompliance=\count110
\Virgola=\count111
)) (/usr/local/texlive/2014/texmf-dist/tex/latex/etoolbox/etoolbox.sty
Package: etoolbox 2011/01/03 v2.1 e-TeX tools for LaTeX
 (/usr/local/texlive/2014/texmf-dist/tex/latex/etex-pkg/etex.sty
Package: etex 1998/03/26 v2.0 eTeX basic definition package (PEB)
\et@xins=\count112
)
\etb@tempcnta=\count113
) (/usr/local/texlive/2014/texmf-dist/tex/latex/base/inputenc.sty
Package: inputenc 2014/04/30 v1.2b Input encoding file
\inpenc@prehook=\toks24
\inpenc@posthook=\toks25
 (/usr/local/texlive/2014/texmf-dist/tex/latex/base/latin1.def
File: latin1.def 2014/04/30 v1.2b Input encoding file
)) (/Users/leonardocavagnis/GitHub/thesis_latex/latex_source/.texpadtmp/tesi.aux (/Users/leonardocavagnis/GitHub/thesis_latex/latex_source/.texpadtmp/frontespizio.aux) (/Users/leonardocavagnis/GitHub/thesis_latex/latex_source/.texpadtmp/dedica.aux) (/Users/leonardocavagnis/GitHub/thesis_latex/latex_source/.texpadtmp/sommario.aux) (/Users/leonardocavagnis/GitHub/thesis_latex/latex_source/.texpadtmp/abstract.aux) (/Users/leonardocavagnis/GitHub/thesis_latex/latex_source/.texpadtmp/ringraziamenti.aux) (/Users/leonardocavagnis/GitHub/thesis_latex/latex_source/.texpadtmp/introduzione.aux) (/Users/leonardocavagnis/GitHub/thesis_latex/latex_source/.texpadtmp/capitolo1.aux) (/Users/leonardocavagnis/GitHub/thesis_latex/latex_source/.texpadtmp/capitolo2.aux) (/Users/leonardocavagnis/GitHub/thesis_latex/latex_source/.texpadtmp/capitolo3.aux)
(/Users/leonardocavagnis/GitHub/thesis_latex/latex_source/.texpadtmp/capitolo4.aux) (/Users/leonardocavagnis/GitHub/thesis_latex/latex_source/.texpadtmp/capitolo5.aux) (/Users/leonardocavagnis/GitHub/thesis_latex/latex_source/.texpadtmp/conclusioni.aux

LaTeX Warning: Label `conclusioni' multiply defined.

) (/Users/leonardocavagnis/GitHub/thesis_latex/latex_source/.texpadtmp/appendiceA.aux) (/Users/leonardocavagnis/GitHub/thesis_latex/latex_source/.texpadtmp/appendiceB.aux) (/Users/leonardocavagnis/GitHub/thesis_latex/latex_source/.texpadtmp/appendiceC.aux) (/Users/leonardocavagnis/GitHub/thesis_latex/latex_source/.texpadtmp/appendiceD.aux) (/Users/leonardocavagnis/GitHub/thesis_latex/latex_source/.texpadtmp/appendiceE.aux) (/Users/leonardocavagnis/GitHub/thesis_latex/latex_source/.texpadtmp/appendiceF.aux))
\openout1 = `tesi.aux'.

LaTeX Font Info:    Checking defaults for OML/cmm/m/it on input line 27.
LaTeX Font Info:    ... okay on input line 27.
LaTeX Font Info:    Checking defaults for T1/cmr/m/n on input line 27.
LaTeX Font Info:    ... okay on input line 27.
LaTeX Font Info:    Checking defaults for OT1/cmr/m/n on input line 27.
LaTeX Font Info:    ... okay on input line 27.
LaTeX Font Info:    Checking defaults for OMS/cmsy/m/n on input line 27.
LaTeX Font Info:    ... okay on input line 27.
LaTeX Font Info:    Checking defaults for OMX/cmex/m/n on input line 27.
LaTeX Font Info:    ... okay on input line 27.
LaTeX Font Info:    Checking defaults for U/cmr/m/n on input line 27.
LaTeX Font Info:    ... okay on input line 27.
Package caption Info: Begin \AtBeginDocument code.
Package caption Info: End \AtBeginDocument code.
LaTeX Info: Redefining \it@ocap on input line 27.
LaTeX Info: Redefining \it@ccap on input line 27.


File italian.ldf warning: 
italian.ldf    With OT1 encoding guillemets are poorly faked
italian.ldf    Use T1 encoding
italian.ldf    or specify a font with command \CaporaliFrom
italian.ldf    See the documentation concerning the babel-italian typesetting 
italian.ldf    on input line 27.

\openout2 = `frontespizio.aux'.

(./frontespizio.tex
File: ./pictures/logopm.eps Graphic file (type eps)
 <./pictures/logopm.eps> [1


]) [2



]
\openout2 = `dedica.aux'.

 (./dedica.tex) [3

] [4


]
\openout2 = `sommario.aux'.

 (./sommario.tex) [1


] [2


]
\openout2 = `abstract.aux'.

 (./abstract.tex) [3


] [4

]
\openout2 = `ringraziamenti.aux'.

 (./ringraziamenti.tex) [5



] [6

] (/Users/leonardocavagnis/GitHub/thesis_latex/latex_source/.texpadtmp/tesi.toc)
\tf@toc=\write3
\openout3 = `tesi.toc'.

 [1


]
\openout2 = `introduzione.aux'.

 (./introduzione.tex [2


] [3]) [4]
\openout2 = `capitolo1.aux'.

 (./capitolo1.tex
Capitolo 1.

LaTeX Warning: Citation `marco02bud' on page 5 undefined on input line 18.

) [5



]
\openout2 = `capitolo2.aux'.

 (./capitolo2.tex [6



]
Capitolo 2.
LaTeX Font Info:    Try loading font information for OMS+cmr on input line 9.
(/usr/local/texlive/2014/texmf-dist/tex/latex/base/omscmr.fd
File: omscmr.fd 1999/05/25 v2.5h Standard LaTeX font definitions
)
LaTeX Font Info:    Font shape `OMS/cmr/m/it' in size <9> not available
(Font)              Font shape `OMS/cmsy/m/n' tried instead on input line 9.
LaTeX Font Info:    Font shape `OMS/cmr/m/n' in size <9> not available
(Font)              Font shape `OMS/cmsy/m/n' tried instead on input line 9.
) [7]
\openout2 = `capitolo3.aux'.

 (./capitolo3.tex [8



]
Capitolo 3.
) [9]
\openout2 = `capitolo4.aux'.

 (./capitolo4.tex [10



]
Capitolo 4.
) [11]
\openout2 = `capitolo5.aux'.

 (./capitolo5.tex [12



]
Capitolo 5.
) [13]
\openout2 = `conclusioni.aux'.

 (./conclusioni.tex [14



]) [15] (/Users/leonardocavagnis/GitHub/thesis_latex/latex_source/.texpadtmp/tesi.bbl

LaTeX Warning: Empty `thebibliography' environment on input line 3.

) [1



]
\openout2 = `appendiceA.aux'.

 (./appendiceA.tex

Package Fancyhdr Warning: \headheight is too small (12.0pt): 
 Make it at least 13.59999pt.
 We now make it that large for the rest of the document.
 This may cause the page layout to be inconsistent, however.

[2


]
Appendice A.
) [3]
\openout2 = `appendiceB.aux'.

 (./appendiceB.tex [4



]
Appendice B.
) [5]
\openout2 = `appendiceC.aux'.

 (./appendiceC.tex [6



]
Appendice C.
) [7]
\openout2 = `appendiceD.aux'.

 (./appendiceD.tex [8



]
Appendice D.
) [9]
\openout2 = `appendiceE.aux'.

 (./appendiceE.tex [10



]
Appendice E.
) [11]
\openout2 = `appendiceF.aux'.

 (./appendiceF.tex [12



]
Appendice F.
) [13] (/Users/leonardocavagnis/GitHub/thesis_latex/latex_source/.texpadtmp/tesi.aux (/Users/leonardocavagnis/GitHub/thesis_latex/latex_source/.texpadtmp/frontespizio.aux) (/Users/leonardocavagnis/GitHub/thesis_latex/latex_source/.texpadtmp/dedica.aux) (/Users/leonardocavagnis/GitHub/thesis_latex/latex_source/.texpadtmp/sommario.aux) (/Users/leonardocavagnis/GitHub/thesis_latex/latex_source/.texpadtmp/abstract.aux) (/Users/leonardocavagnis/GitHub/thesis_latex/latex_source/.texpadtmp/ringraziamenti.aux) (/Users/leonardocavagnis/GitHub/thesis_latex/latex_source/.texpadtmp/introduzione.aux) (/Users/leonardocavagnis/GitHub/thesis_latex/latex_source/.texpadtmp/capitolo1.aux) (/Users/leonardocavagnis/GitHub/thesis_latex/latex_source/.texpadtmp/capitolo2.aux) (/Users/leonardocavagnis/GitHub/thesis_latex/latex_source/.texpadtmp/capitolo3.aux) (/Users/leonardocavagnis/GitHub/thesis_latex/latex_source/.texpadtmp/capitolo4.aux) (/Users/leonardocavagnis/GitHub/thesis_latex/latex_source/.texpadtmp/capitolo5.aux) (/Users/leonardocavagnis/GitHub/thesis_latex/latex_source/.texpadtmp/conclusioni.aux) (/Users/leonardocavagnis/GitHub/thesis_latex/latex_source/.texpadtmp/appendiceA.aux) (/Users/leonardocavagnis/GitHub/thesis_latex/latex_source/.texpadtmp/appendiceB.aux) (/Users/leonardocavagnis/GitHub/thesis_latex/latex_source/.texpadtmp/appendiceC.aux) (/Users/leonardocavagnis/GitHub/thesis_latex/latex_source/.texpadtmp/appendiceD.aux) (/Users/leonardocavagnis/GitHub/thesis_latex/latex_source/.texpadtmp/appendiceE.aux) (/Users/leonardocavagnis/GitHub/thesis_latex/latex_source/.texpadtmp/appendiceF.aux))

LaTeX Warning: There were undefined references.


LaTeX Warning: There were multiply-defined labels.

 ) 
Here is how much of TeX's memory you used:
 4004 strings out of 493109
 60463 string characters out of 6134873
 125714 words of memory out of 5000000
 7305 multiletter control sequences out of 15000+600000
 8222 words of font info for 29 fonts, out of 8000000 for 9000
 1142 hyphenation exceptions out of 8191
 36i,11n,43p,746b,413s stack positions out of 5000i,500n,10000p,200000b,80000s

Output written on /Users/leonardocavagnis/GitHub/thesis_latex/latex_source/.texpadtmp/tesi.dvi (38 pages, 18120 bytes).
